Using pre-set license
Built from '2021.2/staging' branch; Version is '2021.2.3f1 (32358a8527b4) revision 3290506'; Using compiler version '192829333'; Build Type 'Release'
OS: 'Windows 10 Education; OS build 19043.1348; Version 2009; 64bit' Language: 'de' Physical Memory: 15818 MB
BatchMode: 1, IsHumanControllingUs: 0, StartBugReporterOnCrash: 0, Is64bit: 1, IsPro: 0

COMMAND LINE ARGUMENTS:
C:\Program Files\Unity\Hub\Editor\2021.2.3f1\Editor\Unity.exe
-adb2
-batchMode
-noUpm
-name
AssetImportWorker0
-projectPath
C:/Users/Y/Documents/Sussicube/Sussicube
-logFile
Logs/AssetImportWorker0.log
-srvPort
55593
Successfully changed project path to: C:/Users/Y/Documents/Sussicube/Sussicube
C:/Users/Y/Documents/Sussicube/Sussicube
[UnityMemory] Configuration Parameters - Can be set up in boot.config
    "memorysetup-bucket-allocator-granularity=16"
    "memorysetup-bucket-allocator-bucket-count=8"
    "memorysetup-bucket-allocator-block-size=33554432"
    "memorysetup-bucket-allocator-block-count=8"
    "memorysetup-main-allocator-block-size=16777216"
    "memorysetup-thread-allocator-block-size=16777216"
    "memorysetup-gfx-main-allocator-block-size=16777216"
    "memorysetup-gfx-thread-allocator-block-size=16777216"
    "memorysetup-cache-allocator-block-size=4194304"
    "memorysetup-typetree-allocator-block-size=2097152"
    "memorysetup-profiler-bucket-allocator-granularity=16"
    "memorysetup-profiler-bucket-allocator-bucket-count=8"
    "memorysetup-profiler-bucket-allocator-block-size=33554432"
    "memorysetup-profiler-bucket-allocator-block-count=8"
    "memorysetup-profiler-allocator-block-size=16777216"
    "memorysetup-profiler-editor-allocator-block-size=1048576"
    "memorysetup-temp-allocator-size-main=16777216"
    "memorysetup-job-temp-allocator-block-size=2097152"
    "memorysetup-job-temp-allocator-block-size-background=1048576"
    "memorysetup-job-temp-allocator-reduction-small-platforms=262144"
    "memorysetup-temp-allocator-size-background-worker=32768"
    "memorysetup-temp-allocator-size-job-worker=262144"
    "memorysetup-temp-allocator-size-preload-manager=33554432"
    "memorysetup-temp-allocator-size-nav-mesh-worker=65536"
    "memorysetup-temp-allocator-size-audio-worker=65536"
    "memorysetup-temp-allocator-size-cloud-worker=32768"
    "memorysetup-temp-allocator-size-gi-baking-worker=262144"
    "memorysetup-temp-allocator-size-gfx=262144"
Refreshing native plugins compatible for Editor in 77.70 ms, found 0 plugins.
Preloading 0 native plugins for Editor in 0.00 ms.
Initialize engine version: 2021.2.3f1 (32358a8527b4)
[Subsystems] Discovering subsystems at path C:/Program Files/Unity/Hub/Editor/2021.2.3f1/Editor/Data/Resources/UnitySubsystems
[Subsystems] Discovering subsystems at path C:/Users/Y/Documents/Sussicube/Sussicube/Assets
GfxDevice: creating device client; threaded=0; jobified=0
Direct3D:
    Version:  Direct3D 11.0 [level 11.1]
    Renderer: NVIDIA GeForce GTX 1650 SUPER (ID=0x2187)
    Vendor:   NVIDIA
    VRAM:     3955 MB
    Driver:   30.0.14.9649
Initialize mono
Mono path[0] = 'C:/Program Files/Unity/Hub/Editor/2021.2.3f1/Editor/Data/Managed'
Mono path[1] = 'C:/Program Files/Unity/Hub/Editor/2021.2.3f1/Editor/Data/MonoBleedingEdge/lib/mono/unityjit-win32'
Mono config path = 'C:/Program Files/Unity/Hub/Editor/2021.2.3f1/Editor/Data/MonoBleedingEdge/etc'
Using monoOptions --debugger-agent=transport=dt_socket,embedding=1,server=y,suspend=n,address=127.0.0.1:56700
Begin MonoManager ReloadAssembly
Registering precompiled unity dll's ...
Register platform support module: C:/Program Files/Unity/Hub/Editor/2021.2.3f1/Editor/Data/PlaybackEngines/WindowsStandaloneSupport/UnityEditor.WindowsStandalone.Extensions.dll
Registered in 0.008945 seconds.
Native extension for WindowsStandalone target not found
Refreshing native plugins compatible for Editor in 68.39 ms, found 0 plugins.
Preloading 0 native plugins for Editor in 0.00 ms.
Mono: successfully reloaded assembly
- Completed reload, in  0.731 seconds
Domain Reload Profiling:
	ReloadAssembly (732ms)
		BeginReloadAssembly (81ms)
			ExecutionOrderSort (0ms)
			DisableScriptedObjects (0ms)
			BackupInstance (0ms)
			ReleaseScriptingObjects (0ms)
			CreateAndSetChildDomain (1ms)
		EndReloadAssembly (555ms)
			LoadAssemblies (78ms)
			RebuildTransferFunctionScriptingTraits (0ms)
			SetupTypeCache (144ms)
			ReleaseScriptCaches (0ms)
			RebuildScriptCaches (35ms)
			SetupLoadedEditorAssemblies (305ms)
				LogAssemblyErrors (0ms)
				InitializePlatformSupportModulesInManaged (18ms)
				SetLoadedEditorAssemblies (0ms)
				RefreshPlugins (68ms)
				BeforeProcessingInitializeOnLoad (1ms)
				ProcessInitializeOnLoadAttributes (165ms)
				ProcessInitializeOnLoadMethodAttributes (51ms)
				AfterProcessingInitializeOnLoad (0ms)
				EditorAssembliesLoaded (0ms)
			ExecutionOrderSort2 (0ms)
			AwakeInstancesAfterBackupRestoration (0ms)
Platform modules already initialized, skipping
Registering precompiled user dll's ...
Registered in 0.004266 seconds.
Begin MonoManager ReloadAssembly
Native extension for WindowsStandalone target not found
Refreshing native plugins compatible for Editor in 70.68 ms, found 0 plugins.
Preloading 0 native plugins for Editor in 0.00 ms.
Package Manager log level set to [2]
Mono: successfully reloaded assembly
- Completed reload, in  1.678 seconds
Domain Reload Profiling:
	ReloadAssembly (1679ms)
		BeginReloadAssembly (419ms)
			ExecutionOrderSort (0ms)
			DisableScriptedObjects (6ms)
			BackupInstance (0ms)
			ReleaseScriptingObjects (0ms)
			CreateAndSetChildDomain (26ms)
		EndReloadAssembly (1138ms)
			LoadAssemblies (92ms)
			RebuildTransferFunctionScriptingTraits (0ms)
			SetupTypeCache (180ms)
			ReleaseScriptCaches (1ms)
			RebuildScriptCaches (57ms)
			SetupLoadedEditorAssemblies (693ms)
				LogAssemblyErrors (0ms)
				InitializePlatformSupportModulesInManaged (14ms)
				SetLoadedEditorAssemblies (0ms)
				RefreshPlugins (71ms)
				BeforeProcessingInitializeOnLoad (87ms)
				ProcessInitializeOnLoadAttributes (423ms)
				ProcessInitializeOnLoadMethodAttributes (88ms)
				AfterProcessingInitializeOnLoad (10ms)
				EditorAssembliesLoaded (0ms)
			ExecutionOrderSort2 (0ms)
			AwakeInstancesAfterBackupRestoration (7ms)
Platform modules already initialized, skipping
========================================================================
Worker process is ready to serve import requests
Launched and connected shader compiler UnityShaderCompiler.exe after 0.09 seconds
Refreshing native plugins compatible for Editor in 0.93 ms, found 0 plugins.
Preloading 0 native plugins for Editor in 0.00 ms.
Unloading 2728 Unused Serialized files (Serialized files now loaded: 0)
Unloading 129 unused Assets / (407.6 KB). Loaded Objects now: 3171.
Memory consumption went from 128.9 MB to 128.5 MB.
Total: 6.450400 ms (FindLiveObjects: 0.261200 ms CreateObjectMapping: 0.168100 ms MarkObjects: 5.701500 ms  DeleteObjects: 0.318100 ms)

AssetImportParameters requested are different than current active one (requested -> active):
  custom:video-decoder-ogg-theora: a1e56fd34408186e4bbccfd4996cb3dc -> 
  custom:container-muxer-webm: aa71ff27fc2769a1b78a27578f13a17b -> 
  custom:container-demuxer-webm: 4f35f7cbe854078d1ac9338744f61a02 -> 
  custom:video-encoder-webm-vp8: eb34c28f22e8b96e1ab97ce403110664 -> 
  custom:video-codec-MediaFoundation-h265: 746d11721c4dcdbdad8f713fa42b33f4 -> 
  custom:audio-encoder-webm-vorbis: bf7c407c2cedff20999df2af8eb42d56 -> 
  custom:framework-win-MediaFoundation: 216162199b28c13a410421893ffa2e32 -> 
  custom:container-demuxer-ogg: 62fdf1f143b41e24485cea50d1cbac27 -> 
  custom:video-decoder-webm-vp8: 9c59270c3fd7afecdb556c50c9e8de78 -> 
  custom:audio-decoder-ogg-vorbis: bf7c407c2cedff20999df2af8eb42d56 -> 
========================================================================
Received Import Request.
  Time since last request: 558938.606776 seconds.
  path: Assets/Scenes/Level08.unity
  artifactKey: Guid(6ebd693a97ac6be44b04974c98459f03) Importer(815301076,1909f56bfc062723c751e8b465ee728b)
Start importing Assets/Scenes/Level08.unity using Guid(6ebd693a97ac6be44b04974c98459f03) Importer(815301076,1909f56bfc062723c751e8b465ee728b)  -> (artifact id: '659a72f3a8abe351de082a669b073cfb') in 0.014001 seconds 
========================================================================
Received Import Request.
  Time since last request: 8.868207 seconds.
  path: Assets/Scenes/Level01
  artifactKey: Guid(a9b11214244ee9b4998543bfc47a018e) Importer(815301076,1909f56bfc062723c751e8b465ee728b)
Start importing Assets/Scenes/Level01 using Guid(a9b11214244ee9b4998543bfc47a018e) Importer(815301076,1909f56bfc062723c751e8b465ee728b)  -> (artifact id: 'cc9a30646ba145f3edce5576dbe575be') in 0.008783 seconds 
========================================================================
Received Import Request.
  Time since last request: 5.798928 seconds.
  path: Assets/Scripts/Level Complete UI
  artifactKey: Guid(9a2c0a5a78bd00c4c91d680a5d255de2) Importer(815301076,1909f56bfc062723c751e8b465ee728b)
Start importing Assets/Scripts/Level Complete UI using Guid(9a2c0a5a78bd00c4c91d680a5d255de2) Importer(815301076,1909f56bfc062723c751e8b465ee728b)  -> (artifact id: 'cb013e60702844696a07dd26b6c1961e') in 0.008756 seconds 
========================================================================
Received Prepare
Registering precompiled user dll's ...
Registered in 0.004050 seconds.
Begin MonoManager ReloadAssembly
Native extension for WindowsStandalone target not found
Refreshing native plugins compatible for Editor in 0.87 ms, found 0 plugins.
Preloading 0 native plugins for Editor in 0.00 ms.
Mono: successfully reloaded assembly
- Completed reload, in  1.766 seconds
Domain Reload Profiling:
	ReloadAssembly (1767ms)
		BeginReloadAssembly (168ms)
			ExecutionOrderSort (0ms)
			DisableScriptedObjects (7ms)
			BackupInstance (0ms)
			ReleaseScriptingObjects (0ms)
			CreateAndSetChildDomain (40ms)
		EndReloadAssembly (1459ms)
			LoadAssemblies (95ms)
			RebuildTransferFunctionScriptingTraits (0ms)
			SetupTypeCache (264ms)
			ReleaseScriptCaches (2ms)
			RebuildScriptCaches (87ms)
			SetupLoadedEditorAssemblies (723ms)
				LogAssemblyErrors (0ms)
				InitializePlatformSupportModulesInManaged (24ms)
				SetLoadedEditorAssemblies (2ms)
				RefreshPlugins (1ms)
				BeforeProcessingInitializeOnLoad (99ms)
				ProcessInitializeOnLoadAttributes (478ms)
				ProcessInitializeOnLoadMethodAttributes (106ms)
				AfterProcessingInitializeOnLoad (12ms)
				EditorAssembliesLoaded (0ms)
			ExecutionOrderSort2 (0ms)
			AwakeInstancesAfterBackupRestoration (8ms)
Platform modules already initialized, skipping
Refreshing native plugins compatible for Editor in 1.02 ms, found 0 plugins.
Preloading 0 native plugins for Editor in 0.00 ms.
Unloading 2662 Unused Serialized files (Serialized files now loaded: 0)
Unloading 119 unused Assets / (377.4 KB). Loaded Objects now: 3173.
Memory consumption went from 122.8 MB to 122.5 MB.
Total: 7.412300 ms (FindLiveObjects: 0.270700 ms CreateObjectMapping: 0.184300 ms MarkObjects: 6.673000 ms  DeleteObjects: 0.283100 ms)

AssetImportParameters requested are different than current active one (requested -> active):
  custom:video-decoder-ogg-theora: a1e56fd34408186e4bbccfd4996cb3dc -> 
  custom:container-muxer-webm: aa71ff27fc2769a1b78a27578f13a17b -> 
  custom:container-demuxer-webm: 4f35f7cbe854078d1ac9338744f61a02 -> 
  custom:video-encoder-webm-vp8: eb34c28f22e8b96e1ab97ce403110664 -> 
  custom:video-codec-MediaFoundation-h265: 746d11721c4dcdbdad8f713fa42b33f4 -> 
  custom:audio-encoder-webm-vorbis: bf7c407c2cedff20999df2af8eb42d56 -> 
  custom:framework-win-MediaFoundation: 216162199b28c13a410421893ffa2e32 -> 
  custom:container-demuxer-ogg: 62fdf1f143b41e24485cea50d1cbac27 -> 
  custom:video-decoder-webm-vp8: 9c59270c3fd7afecdb556c50c9e8de78 -> 
  custom:audio-decoder-ogg-vorbis: bf7c407c2cedff20999df2af8eb42d56 -> 
========================================================================
Received Import Request.
  Time since last request: 299.107209 seconds.
  path: Assets/Scripts/VersionText.cs
  artifactKey: Guid(d85d5ebd700ae6b4a8d62fd791ddbc78) Importer(815301076,1909f56bfc062723c751e8b465ee728b)
Start importing Assets/Scripts/VersionText.cs using Guid(d85d5ebd700ae6b4a8d62fd791ddbc78) Importer(815301076,1909f56bfc062723c751e8b465ee728b)  -> (artifact id: '228f37cc16c02410821ddd1d0bff6ae6') in 0.061080 seconds 
========================================================================
Received Import Request.
  Time since last request: 0.469157 seconds.
  path: Assets/Scripts/TextFadeOut.cs
  artifactKey: Guid(581adb5f905504d4f839934fd949b1b2) Importer(815301076,1909f56bfc062723c751e8b465ee728b)
Start importing Assets/Scripts/TextFadeOut.cs using Guid(581adb5f905504d4f839934fd949b1b2) Importer(815301076,1909f56bfc062723c751e8b465ee728b)  -> (artifact id: '7d814dc01c5f384ba6ec25638ab4b32d') in 0.007361 seconds 
========================================================================
Received Import Request.
  Time since last request: 0.976260 seconds.
  path: Assets/Scripts/Sound.cs
  artifactKey: Guid(0bbf5d5a189aa09409572b20f50d7e3b) Importer(815301076,1909f56bfc062723c751e8b465ee728b)
Start importing Assets/Scripts/Sound.cs using Guid(0bbf5d5a189aa09409572b20f50d7e3b) Importer(815301076,1909f56bfc062723c751e8b465ee728b)  -> (artifact id: '7ce3251b1e18d1cb54e801abace81f03') in 0.009035 seconds 
========================================================================
Received Prepare
Registering precompiled user dll's ...
Registered in 0.005780 seconds.
Begin MonoManager ReloadAssembly
Native extension for WindowsStandalone target not found
Refreshing native plugins compatible for Editor in 0.86 ms, found 0 plugins.
Preloading 0 native plugins for Editor in 0.00 ms.
Mono: successfully reloaded assembly
- Completed reload, in  1.817 seconds
Domain Reload Profiling:
	ReloadAssembly (1818ms)
		BeginReloadAssembly (256ms)
			ExecutionOrderSort (0ms)
			DisableScriptedObjects (8ms)
			BackupInstance (0ms)
			ReleaseScriptingObjects (0ms)
			CreateAndSetChildDomain (116ms)
		EndReloadAssembly (1427ms)
			LoadAssemblies (106ms)
			RebuildTransferFunctionScriptingTraits (0ms)
			SetupTypeCache (299ms)
			ReleaseScriptCaches (2ms)
			RebuildScriptCaches (69ms)
			SetupLoadedEditorAssemblies (809ms)
				LogAssemblyErrors (0ms)
				InitializePlatformSupportModulesInManaged (17ms)
				SetLoadedEditorAssemblies (1ms)
				RefreshPlugins (1ms)
				BeforeProcessingInitializeOnLoad (99ms)
				ProcessInitializeOnLoadAttributes (571ms)
				ProcessInitializeOnLoadMethodAttributes (104ms)
				AfterProcessingInitializeOnLoad (14ms)
				EditorAssembliesLoaded (1ms)
			ExecutionOrderSort2 (0ms)
			AwakeInstancesAfterBackupRestoration (9ms)
Platform modules already initialized, skipping
Refreshing native plugins compatible for Editor in 0.83 ms, found 0 plugins.
Preloading 0 native plugins for Editor in 0.00 ms.
Unloading 2662 Unused Serialized files (Serialized files now loaded: 0)
Unloading 119 unused Assets / (377.1 KB). Loaded Objects now: 3175.
Memory consumption went from 122.9 MB to 122.5 MB.
Total: 6.655900 ms (FindLiveObjects: 0.259300 ms CreateObjectMapping: 0.172200 ms MarkObjects: 5.939500 ms  DeleteObjects: 0.283400 ms)

AssetImportParameters requested are different than current active one (requested -> active):
  custom:video-decoder-ogg-theora: a1e56fd34408186e4bbccfd4996cb3dc -> 
  custom:container-muxer-webm: aa71ff27fc2769a1b78a27578f13a17b -> 
  custom:container-demuxer-webm: 4f35f7cbe854078d1ac9338744f61a02 -> 
  custom:video-encoder-webm-vp8: eb34c28f22e8b96e1ab97ce403110664 -> 
  custom:video-codec-MediaFoundation-h265: 746d11721c4dcdbdad8f713fa42b33f4 -> 
  custom:audio-encoder-webm-vorbis: bf7c407c2cedff20999df2af8eb42d56 -> 
  custom:framework-win-MediaFoundation: 216162199b28c13a410421893ffa2e32 -> 
  custom:container-demuxer-ogg: 62fdf1f143b41e24485cea50d1cbac27 -> 
  custom:video-decoder-webm-vp8: 9c59270c3fd7afecdb556c50c9e8de78 -> 
  custom:audio-decoder-ogg-vorbis: bf7c407c2cedff20999df2af8eb42d56 -> 
========================================================================
Received Import Request.
  Time since last request: 281.258811 seconds.
  path: Assets/PostProcessing/Post-Processing.asset
  artifactKey: Guid(5385f29125a46464f86cbfa623c82747) Importer(815301076,1909f56bfc062723c751e8b465ee728b)
Start importing Assets/PostProcessing/Post-Processing.asset using Guid(5385f29125a46464f86cbfa623c82747) Importer(815301076,1909f56bfc062723c751e8b465ee728b)  -> (artifact id: 'c9112c04f3343dfe1aa0d751e7a4a1c3') in 0.048942 seconds 
========================================================================
Received Prepare
Registering precompiled user dll's ...
Registered in 0.005873 seconds.
Begin MonoManager ReloadAssembly
Native extension for WindowsStandalone target not found
Refreshing native plugins compatible for Editor in 1.17 ms, found 0 plugins.
Preloading 0 native plugins for Editor in 0.00 ms.
Mono: successfully reloaded assembly
- Completed reload, in  1.727 seconds
Domain Reload Profiling:
	ReloadAssembly (1728ms)
		BeginReloadAssembly (184ms)
			ExecutionOrderSort (0ms)
			DisableScriptedObjects (9ms)
			BackupInstance (0ms)
			ReleaseScriptingObjects (0ms)
			CreateAndSetChildDomain (45ms)
		EndReloadAssembly (1314ms)
			LoadAssemblies (102ms)
			RebuildTransferFunctionScriptingTraits (0ms)
			SetupTypeCache (206ms)
			ReleaseScriptCaches (2ms)
			RebuildScriptCaches (65ms)
			SetupLoadedEditorAssemblies (716ms)
				LogAssemblyErrors (0ms)
				InitializePlatformSupportModulesInManaged (15ms)
				SetLoadedEditorAssemblies (1ms)
				RefreshPlugins (1ms)
				BeforeProcessingInitializeOnLoad (100ms)
				ProcessInitializeOnLoadAttributes (472ms)
				ProcessInitializeOnLoadMethodAttributes (114ms)
				AfterProcessingInitializeOnLoad (12ms)
				EditorAssembliesLoaded (0ms)
			ExecutionOrderSort2 (0ms)
			AwakeInstancesAfterBackupRestoration (8ms)
Platform modules already initialized, skipping
Refreshing native plugins compatible for Editor in 0.93 ms, found 0 plugins.
Preloading 0 native plugins for Editor in 0.00 ms.
Unloading 2662 Unused Serialized files (Serialized files now loaded: 0)
Unloading 119 unused Assets / (377.3 KB). Loaded Objects now: 3177.
Memory consumption went from 122.9 MB to 122.5 MB.
Total: 9.160300 ms (FindLiveObjects: 0.286100 ms CreateObjectMapping: 0.242100 ms MarkObjects: 8.342300 ms  DeleteObjects: 0.288600 ms)

AssetImportParameters requested are different than current active one (requested -> active):
  custom:video-decoder-ogg-theora: a1e56fd34408186e4bbccfd4996cb3dc -> 
  custom:container-muxer-webm: aa71ff27fc2769a1b78a27578f13a17b -> 
  custom:container-demuxer-webm: 4f35f7cbe854078d1ac9338744f61a02 -> 
  custom:video-encoder-webm-vp8: eb34c28f22e8b96e1ab97ce403110664 -> 
  custom:video-codec-MediaFoundation-h265: 746d11721c4dcdbdad8f713fa42b33f4 -> 
  custom:audio-encoder-webm-vorbis: bf7c407c2cedff20999df2af8eb42d56 -> 
  custom:framework-win-MediaFoundation: 216162199b28c13a410421893ffa2e32 -> 
  custom:container-demuxer-ogg: 62fdf1f143b41e24485cea50d1cbac27 -> 
  custom:video-decoder-webm-vp8: 9c59270c3fd7afecdb556c50c9e8de78 -> 
  custom:audio-decoder-ogg-vorbis: bf7c407c2cedff20999df2af8eb42d56 -> 
========================================================================
Received Prepare
Registering precompiled user dll's ...
Registered in 0.006120 seconds.
Begin MonoManager ReloadAssembly
Native extension for WindowsStandalone target not found
Refreshing native plugins compatible for Editor in 1.13 ms, found 0 plugins.
Preloading 0 native plugins for Editor in 0.00 ms.
Mono: successfully reloaded assembly
- Completed reload, in  1.715 seconds
Domain Reload Profiling:
	ReloadAssembly (1715ms)
		BeginReloadAssembly (232ms)
			ExecutionOrderSort (0ms)
			DisableScriptedObjects (14ms)
			BackupInstance (0ms)
			ReleaseScriptingObjects (0ms)
			CreateAndSetChildDomain (37ms)
		EndReloadAssembly (1344ms)
			LoadAssemblies (100ms)
			RebuildTransferFunctionScriptingTraits (0ms)
			SetupTypeCache (221ms)
			ReleaseScriptCaches (2ms)
			RebuildScriptCaches (66ms)
			SetupLoadedEditorAssemblies (798ms)
				LogAssemblyErrors (0ms)
				InitializePlatformSupportModulesInManaged (16ms)
				SetLoadedEditorAssemblies (1ms)
				RefreshPlugins (1ms)
				BeforeProcessingInitializeOnLoad (103ms)
				ProcessInitializeOnLoadAttributes (548ms)
				ProcessInitializeOnLoadMethodAttributes (118ms)
				AfterProcessingInitializeOnLoad (11ms)
				EditorAssembliesLoaded (0ms)
			ExecutionOrderSort2 (0ms)
			AwakeInstancesAfterBackupRestoration (9ms)
Platform modules already initialized, skipping
Refreshing native plugins compatible for Editor in 0.81 ms, found 0 plugins.
Preloading 0 native plugins for Editor in 0.00 ms.
Unloading 2662 Unused Serialized files (Serialized files now loaded: 0)
Unloading 119 unused Assets / (369.6 KB). Loaded Objects now: 3179.
Memory consumption went from 122.9 MB to 122.5 MB.
Total: 6.662500 ms (FindLiveObjects: 0.254600 ms CreateObjectMapping: 0.182200 ms MarkObjects: 5.948200 ms  DeleteObjects: 0.276300 ms)

AssetImportParameters requested are different than current active one (requested -> active):
  custom:video-decoder-ogg-theora: a1e56fd34408186e4bbccfd4996cb3dc -> 
  custom:container-muxer-webm: aa71ff27fc2769a1b78a27578f13a17b -> 
  custom:container-demuxer-webm: 4f35f7cbe854078d1ac9338744f61a02 -> 
  custom:video-encoder-webm-vp8: eb34c28f22e8b96e1ab97ce403110664 -> 
  custom:video-codec-MediaFoundation-h265: 746d11721c4dcdbdad8f713fa42b33f4 -> 
  custom:audio-encoder-webm-vorbis: bf7c407c2cedff20999df2af8eb42d56 -> 
  custom:framework-win-MediaFoundation: 216162199b28c13a410421893ffa2e32 -> 
  custom:container-demuxer-ogg: 62fdf1f143b41e24485cea50d1cbac27 -> 
  custom:video-decoder-webm-vp8: 9c59270c3fd7afecdb556c50c9e8de78 -> 
  custom:audio-decoder-ogg-vorbis: bf7c407c2cedff20999df2af8eb42d56 -> 
========================================================================
Received Import Request.
  Time since last request: 1054.715885 seconds.
  path: Assets/Thrid Party Packs/3D Game Kit - Environment Pack/Environment/Ground/Materials
  artifactKey: Guid(0f58c1c7e1843cc4a8ae04718b4eb9d2) Importer(815301076,1909f56bfc062723c751e8b465ee728b)
Start importing Assets/Thrid Party Packs/3D Game Kit - Environment Pack/Environment/Ground/Materials using Guid(0f58c1c7e1843cc4a8ae04718b4eb9d2) Importer(815301076,1909f56bfc062723c751e8b465ee728b)  -> (artifact id: 'fc9bc4e789ef13ab4fcbd0aa1f4a9132') in 0.017565 seconds 
========================================================================
Received Import Request.
  Time since last request: 0.039969 seconds.
  path: Assets/Thrid Party Packs/3D Game Kit - Environment Pack/Environment/Ground/Materials/Ground_Mat.mat
  artifactKey: Guid(61be5fb840b83854a95a1ef4982462cd) Importer(815301076,1909f56bfc062723c751e8b465ee728b)
Start importing Assets/Thrid Party Packs/3D Game Kit - Environment Pack/Environment/Ground/Materials/Ground_Mat.mat using Guid(61be5fb840b83854a95a1ef4982462cd) Importer(815301076,1909f56bfc062723c751e8b465ee728b)  -> (artifact id: '74382a98159a943b37b275d0d174b9af') in 0.363827 seconds 
========================================================================
Received Import Request.
  Time since last request: 0.000065 seconds.
  path: Assets/Thrid Party Packs/3D Game Kit - Environment Pack/Environment/Ground/Materials/Moss_Mat.mat
  artifactKey: Guid(9f1e1e6c36df17a48b610353e7d0bc21) Importer(815301076,1909f56bfc062723c751e8b465ee728b)
Start importing Assets/Thrid Party Packs/3D Game Kit - Environment Pack/Environment/Ground/Materials/Moss_Mat.mat using Guid(9f1e1e6c36df17a48b610353e7d0bc21) Importer(815301076,1909f56bfc062723c751e8b465ee728b)  -> (artifact id: '651941c1c825bcc71614b342f34ee653') in 0.263946 seconds 
========================================================================
Received Import Request.
  Time since last request: 1.555520 seconds.
  path: Assets/Thrid Party Packs/3D Game Kit - Environment Pack/Environment/Ground/Textures/Moss_Albedo.tif
  artifactKey: Guid(fd467bbf94d53bb499d3c3075cb021c9) Importer(815301076,1909f56bfc062723c751e8b465ee728b)
Start importing Assets/Thrid Party Packs/3D Game Kit - Environment Pack/Environment/Ground/Textures/Moss_Albedo.tif using Guid(fd467bbf94d53bb499d3c3075cb021c9) Importer(815301076,1909f56bfc062723c751e8b465ee728b)  -> (artifact id: '606e8dea6503a3253bda92c09b149e40') in 0.046448 seconds 
========================================================================
Received Import Request.
  Time since last request: 0.000022 seconds.
  path: Assets/Thrid Party Packs/3D Game Kit - Environment Pack/Environment/Ground/Textures/MuddyGround_MetallicSmooth.tif
  artifactKey: Guid(ff7a18657252a6644a9c737e1f6d8207) Importer(815301076,1909f56bfc062723c751e8b465ee728b)
Start importing Assets/Thrid Party Packs/3D Game Kit - Environment Pack/Environment/Ground/Textures/MuddyGround_MetallicSmooth.tif using Guid(ff7a18657252a6644a9c737e1f6d8207) Importer(815301076,1909f56bfc062723c751e8b465ee728b)  -> (artifact id: '7c8cd836d109602767d3183dcb702ad0') in 0.025666 seconds 
========================================================================
Received Import Request.
  Time since last request: 0.000028 seconds.
  path: Assets/Thrid Party Packs/3D Game Kit - Environment Pack/Environment/Ground/Textures/MuddyGround_Albedo.tif
  artifactKey: Guid(a1e3d76571a1bd041b244add9a3cf433) Importer(815301076,1909f56bfc062723c751e8b465ee728b)
Start importing Assets/Thrid Party Packs/3D Game Kit - Environment Pack/Environment/Ground/Textures/MuddyGround_Albedo.tif using Guid(a1e3d76571a1bd041b244add9a3cf433) Importer(815301076,1909f56bfc062723c751e8b465ee728b)  -> (artifact id: 'ce55bd551d40955a47580949ad7a259c') in 0.023970 seconds 
========================================================================
Received Import Request.
  Time since last request: 0.000032 seconds.
  path: Assets/Thrid Party Packs/3D Game Kit - Environment Pack/Environment/Ground/Textures/Moss_Height.tif
  artifactKey: Guid(1c0d44c4e761653459dbec2e39672ae3) Importer(815301076,1909f56bfc062723c751e8b465ee728b)
Start importing Assets/Thrid Party Packs/3D Game Kit - Environment Pack/Environment/Ground/Textures/Moss_Height.tif using Guid(1c0d44c4e761653459dbec2e39672ae3) Importer(815301076,1909f56bfc062723c751e8b465ee728b)  -> (artifact id: '106bbbe38c590550cb9d1578690c5845') in 0.022019 seconds 
========================================================================
Received Import Request.
  Time since last request: 0.000025 seconds.
  path: Assets/Thrid Party Packs/3D Game Kit - Environment Pack/Environment/Ground/Textures/Moss_Normal.tif
  artifactKey: Guid(ba636111ccf91df469cf93c2e9c9bb42) Importer(815301076,1909f56bfc062723c751e8b465ee728b)
Start importing Assets/Thrid Party Packs/3D Game Kit - Environment Pack/Environment/Ground/Textures/Moss_Normal.tif using Guid(ba636111ccf91df469cf93c2e9c9bb42) Importer(815301076,1909f56bfc062723c751e8b465ee728b)  -> (artifact id: '553bcde80e3689037d3ea51744b57ad8') in 0.034996 seconds 
========================================================================
Received Import Request.
  Time since last request: 0.000058 seconds.
  path: Assets/Thrid Party Packs/3D Game Kit - Environment Pack/Environment/Ground/Textures/WaterMoss_Albedo.tif
  artifactKey: Guid(826b6924bcb61d14781258bb7c93dcb8) Importer(815301076,1909f56bfc062723c751e8b465ee728b)
Start importing Assets/Thrid Party Packs/3D Game Kit - Environment Pack/Environment/Ground/Textures/WaterMoss_Albedo.tif using Guid(826b6924bcb61d14781258bb7c93dcb8) Importer(815301076,1909f56bfc062723c751e8b465ee728b)  -> (artifact id: '3b072069d59b1fa5f05485f78beb4e8b') in 0.023476 seconds 
========================================================================
Received Import Request.
  Time since last request: 0.000023 seconds.
  path: Assets/Thrid Party Packs/3D Game Kit - Environment Pack/Environment/Ground/Textures/SmallStones_MetallicSmooth.tif
  artifactKey: Guid(91c764a7acc458d479b088d2861c476c) Importer(815301076,1909f56bfc062723c751e8b465ee728b)
Start importing Assets/Thrid Party Packs/3D Game Kit - Environment Pack/Environment/Ground/Textures/SmallStones_MetallicSmooth.tif using Guid(91c764a7acc458d479b088d2861c476c) Importer(815301076,1909f56bfc062723c751e8b465ee728b)  -> (artifact id: '4e93681d8d02cb04620a8a72ea98babe') in 0.018472 seconds 
========================================================================
Received Import Request.
  Time since last request: 0.000022 seconds.
  path: Assets/Thrid Party Packs/3D Game Kit - Environment Pack/Environment/Ground/Textures/Moss_Normal1.tif
  artifactKey: Guid(0029a2ffb9c75794b8d16355e8ef09c4) Importer(815301076,1909f56bfc062723c751e8b465ee728b)
Start importing Assets/Thrid Party Packs/3D Game Kit - Environment Pack/Environment/Ground/Textures/Moss_Normal1.tif using Guid(0029a2ffb9c75794b8d16355e8ef09c4) Importer(815301076,1909f56bfc062723c751e8b465ee728b)  -> (artifact id: '8d1256e0040b2d8945e29572064b39b7') in 0.024640 seconds 
========================================================================
Received Import Request.
  Time since last request: 0.000026 seconds.
  path: Assets/Thrid Party Packs/3D Game Kit - Environment Pack/Environment/Ground/Textures/SmallStones_Normal.tif
  artifactKey: Guid(12be41cd2643a5e41b604f470c2d35a8) Importer(815301076,1909f56bfc062723c751e8b465ee728b)
Start importing Assets/Thrid Party Packs/3D Game Kit - Environment Pack/Environment/Ground/Textures/SmallStones_Normal.tif using Guid(12be41cd2643a5e41b604f470c2d35a8) Importer(815301076,1909f56bfc062723c751e8b465ee728b)  -> (artifact id: '5769e98f3125a3b6dd40aad0620cc2b1') in 0.027654 seconds 
========================================================================
Received Import Request.
  Time since last request: 0.000022 seconds.
  path: Assets/Thrid Party Packs/3D Game Kit - Environment Pack/Environment/Ground/Textures/MuddyGround_normal.tif
  artifactKey: Guid(8966a67eba656384b8870d6cac30864f) Importer(815301076,1909f56bfc062723c751e8b465ee728b)
Start importing Assets/Thrid Party Packs/3D Game Kit - Environment Pack/Environment/Ground/Textures/MuddyGround_normal.tif using Guid(8966a67eba656384b8870d6cac30864f) Importer(815301076,1909f56bfc062723c751e8b465ee728b)  -> (artifact id: '059cc5540286c134bda720a9af63f812') in 0.033256 seconds 
========================================================================
Received Import Request.
  Time since last request: 0.000028 seconds.
  path: Assets/Thrid Party Packs/3D Game Kit - Environment Pack/Environment/Ground/Textures/Moss_MetallicSmooth.tif
  artifactKey: Guid(959fe93954fd6c349a6274a09ed4e1e5) Importer(815301076,1909f56bfc062723c751e8b465ee728b)
Start importing Assets/Thrid Party Packs/3D Game Kit - Environment Pack/Environment/Ground/Textures/Moss_MetallicSmooth.tif using Guid(959fe93954fd6c349a6274a09ed4e1e5) Importer(815301076,1909f56bfc062723c751e8b465ee728b)  -> (artifact id: '06678704c43068d810f5014635f0ba8f') in 0.019340 seconds 
========================================================================
Received Import Request.
  Time since last request: 0.000050 seconds.
  path: Assets/Thrid Party Packs/3D Game Kit - Environment Pack/Environment/Ground/Textures/Water_Spec.tif
  artifactKey: Guid(6b58fc510e931ca42829bb59ddd389c9) Importer(815301076,1909f56bfc062723c751e8b465ee728b)
Start importing Assets/Thrid Party Packs/3D Game Kit - Environment Pack/Environment/Ground/Textures/Water_Spec.tif using Guid(6b58fc510e931ca42829bb59ddd389c9) Importer(815301076,1909f56bfc062723c751e8b465ee728b)  -> (artifact id: '5182d0ba745344e51c0ebcc41de9207c') in 0.021623 seconds 
========================================================================
Received Import Request.
  Time since last request: 0.000025 seconds.
  path: Assets/Thrid Party Packs/3D Game Kit - Environment Pack/Environment/Ground/Textures/SmallStones_Albedo.tif
  artifactKey: Guid(8eb7c22efef95d4419727a0fd3a6c6a3) Importer(815301076,1909f56bfc062723c751e8b465ee728b)
Start importing Assets/Thrid Party Packs/3D Game Kit - Environment Pack/Environment/Ground/Textures/SmallStones_Albedo.tif using Guid(8eb7c22efef95d4419727a0fd3a6c6a3) Importer(815301076,1909f56bfc062723c751e8b465ee728b)  -> (artifact id: 'c330c7744527bec4c0c14711d03956b7') in 0.022131 seconds 
